<?xml version="1.0" encoding="UTF-8"?>
<testng-results ignored="0" total="1" passed="1" failed="0" skipped="0">
  <reporter-output>
  </reporter-output>
  <suite started-at="2022-07-01T18:00:42 IST" name="Suite" finished-at="2022-07-01T18:01:20 IST" duration-ms="37379">
    <groups>
    </groups>
    <test started-at="2022-07-01T18:00:42 IST" name="Test" finished-at="2022-07-01T18:01:20 IST" duration-ms="37379">
      <class name="qa.covrize.testcases.ContactPageTestCase">
        <test-method is-config="true" signature="setUp(org.testng.ITestContext)[pri:0, instance:qa.covrize.testcases.ContactPageTestCase@543588e6]" started-at="2022-07-01T18:00:42 IST" name="setUp" finished-at="2022-07-01T18:00:45 IST" duration-ms="2752" status="PASS">
          <params>
            <param index="0">
              <value>
                <![CDATA[org.testng.TestRunner@67bf0480]]>
              </value>
            </param>
          </params>
          <reporter-output>
          </reporter-output>
        </test-method> <!-- setUp -->
        <test-method signature="scenerio_2(java.lang.String,java.lang.String,java.lang.String,java.lang.String,java.lang.String,java.lang.String,java.lang.String)[pri:2, instance:qa.covrize.testcases.ContactPageTestCase@543588e6]" started-at="2022-07-01T18:00:45 IST" name="scenerio_2" description="To verify that user is able to submit the Contact Us form." data-provider="test-data" finished-at="2022-07-01T18:01:20 IST" duration-ms="34383" status="PASS">
          <params>
            <param index="0">
              <value>
                <![CDATA[Harsh]]>
              </value>
            </param>
            <param index="1">
              <value>
                <![CDATA[Chokshi]]>
              </value>
            </param>
            <param index="2">
              <value>
                <![CDATA[harsh.c@something.com]]>
              </value>
            </param>
            <param index="3">
              <value>
                <![CDATA[8511012831]]>
              </value>
            </param>
            <param index="4">
              <value>
                <![CDATA[Product Engineering Services]]>
              </value>
            </param>
            <param index="5">
              <value>
                <![CDATA[USD 50000-100000]]>
              </value>
            </param>
            <param index="6">
              <value>
                <![CDATA[This is Automation Test Message.]]>
              </value>
            </param>
          </params>
          <reporter-output>
          </reporter-output>
        </test-method> <!-- scenerio_2 -->
        <test-method is-config="true" signature="tearDown()[pri:0, instance:qa.covrize.testcases.ContactPageTestCase@543588e6]" started-at="2022-07-01T18:01:20 IST" name="tearDown" finished-at="2022-07-01T18:01:20 IST" duration-ms="0" status="PASS">
          <reporter-output>
          </reporter-output>
        </test-method> <!-- tearDown -->
      </class> <!-- qa.covrize.testcases.ContactPageTestCase -->
    </test> <!-- Test -->
  </suite> <!-- Suite -->
</testng-results>
